<?xml version="1.0" encoding="UTF-8"?>
<testsuite name="com.example.project.CalculatorTest" tests="10" skipped="0" failures="0" errors="0" timestamp="2024-09-24T12:54:10" hostname="codespaces-4e34b4" time="0.102">
  <properties/>
  <testcase name="testDivisibleByFalse()" classname="com.example.project.CalculatorTest" time="0.03"/>
  <testcase name="testInfo()" classname="com.example.project.CalculatorTest" time="0.026"/>
  <testcase name="testDivisibleByTrue()" classname="com.example.project.CalculatorTest" time="0.001"/>
  <testcase name="testCoordinatePair()" classname="com.example.project.CalculatorTest" time="0.008"/>
  <testcase name="testPerformOperationMultiplication()" classname="com.example.project.CalculatorTest" time="0.001"/>
  <testcase name="testPerformOperationNone()" classname="com.example.project.CalculatorTest" time="0.001"/>
  <testcase name="testPerformOperationAddition()" classname="com.example.project.CalculatorTest" time="0.001"/>
  <testcase name="testPerformOperationSubtraction()" classname="com.example.project.CalculatorTest" time="0.003"/>
  <testcase name="testAbsoluteValue()" classname="com.example.project.CalculatorTest" time="0.003"/>
  <testcase name="testPerformOperationDivision()" classname="com.example.project.CalculatorTest" time="0.003"/>
  <system-out><![CDATA[]]></system-out>
  <system-err><![CDATA[]]></system-err>
</testsuite>
